[INFO] Scanning for projects...
[INFO] 
[INFO] -------------------< org.logarithmusdev:social-crud >-------------------
[INFO] Building social-crud 0.1.0
[INFO] --------------------------------[ jar ]---------------------------------
[INFO] 
[INFO] >>> spring-boot-maven-plugin:2.1.2.RELEASE:run (default-cli) > test-compile @ social-crud >>>
[INFO] 
[INFO] --- maven-resources-plugin:3.1.0:resources (default-resources) @ social-crud ---
[INFO] Using 'UTF-8' encoding to copy filtered resources.
[INFO] Copying 1 resource
[INFO] Copying 11 resources
[INFO] 
[INFO] --- maven-compiler-plugin:3.8.0:compile (default-compile) @ social-crud ---
[INFO] Nothing to compile - all classes are up to date
[INFO] 
[INFO] --- maven-resources-plugin:3.1.0:testResources (default-testResources) @ social-crud ---
[INFO] Using 'UTF-8' encoding to copy filtered resources.
[INFO] skip non existing resourceDirectory /home/arthur/Itransition/Task 2/src/test/resources
[INFO] 
[INFO] --- maven-compiler-plugin:3.8.0:testCompile (default-testCompile) @ social-crud ---
[INFO] Changes detected - recompiling the module!
[INFO] Compiling 1 source file to /home/arthur/Itransition/Task 2/target/test-classes
[INFO] 
[INFO] <<< spring-boot-maven-plugin:2.1.2.RELEASE:run (default-cli) < test-compile @ social-crud <<<
[INFO] 
[INFO] 
[INFO] --- spring-boot-maven-plugin:2.1.2.RELEASE:run (default-cli) @ social-crud ---
[INFO] Attaching agents: []
The Class-Path manifest attribute in /home/arthur/.m2/repository/com/sun/xml/bind/jaxb-core/2.3.0.1/jaxb-core-2.3.0.1.jar referenced one or more files that do not exist: file:/home/arthur/.m2/repository/com/sun/xml/bind/jaxb-core/2.3.0.1/jaxb-api.jar
The Class-Path manifest attribute in /home/arthur/.m2/repository/com/sun/xml/bind/jaxb-impl/2.3.0.1/jaxb-impl-2.3.0.1.jar referenced one or more files that do not exist: file:/home/arthur/.m2/repository/com/sun/xml/bind/jaxb-impl/2.3.0.1/jaxb-core.jar

  .   ____          _            __ _ _
 /\\ / ___'_ __ _ _(_)_ __  __ _ \ \ \ \
( ( )\___ | '_ | '_| | '_ \/ _` | \ \ \ \
 \\/  ___)| |_)| | | | | || (_| |  ) ) ) )
  '  |____| .__|_| |_|_| |_\__, | / / / /
 =========|_|==============|___/=/_/_/_/
 :: Spring Boot ::        (v2.1.2.RELEASE)

2019-02-10 00:29:48.884  INFO 15345 --- [  restartedMain] socialcrud.Application                   : Starting Application on archlinux with PID 15345 (started by arthur in /home/arthur/Itransition/Task 2)
2019-02-10 00:29:48.889  INFO 15345 --- [  restartedMain] socialcrud.Application                   : No active profile set, falling back to default profiles: default
2019-02-10 00:29:48.986  INFO 15345 --- [  restartedMain] .e.DevToolsPropertyDefaultsPostProcessor : Devtools property defaults active! Set 'spring.devtools.add-properties' to 'false' to disable
2019-02-10 00:29:50.853  INFO 15345 --- [  restartedMain] .s.d.r.c.RepositoryConfigurationDelegate : Bootstrapping Spring Data repositories in DEFAULT mode.
2019-02-10 00:29:50.965  INFO 15345 --- [  restartedMain] .s.d.r.c.RepositoryConfigurationDelegate : Finished Spring Data repository scanning in 100ms. Found 1 repository interfaces.
2019-02-10 00:29:52.050  INFO 15345 --- [  restartedMain] trationDelegate$BeanPostProcessorChecker : Bean 'org.springframework.transaction.annotation.ProxyTransactionManagementConfiguration' of type [org.springframework.transaction.annotation.ProxyTransactionManagementConfiguration$$EnhancerBySpringCGLIB$$ff2c4fac] is not eligible for getting processed by all BeanPostProcessors (for example: not eligible for auto-proxying)
2019-02-10 00:29:52.603  INFO 15345 --- [  restartedMain] org.eclipse.jetty.util.log               : Logging initialized @5960ms to org.eclipse.jetty.util.log.Slf4jLog
2019-02-10 00:29:53.098  INFO 15345 --- [  restartedMain] o.s.b.w.e.j.JettyServletWebServerFactory : Server initialized with port: 8080
2019-02-10 00:29:53.103  INFO 15345 --- [  restartedMain] org.eclipse.jetty.server.Server          : jetty-9.4.14.v20181114; built: 2018-11-14T21:20:31.478Z; git: c4550056e785fb5665914545889f21dc136ad9e6; jvm 11.0.2+7
2019-02-10 00:29:53.153  INFO 15345 --- [  restartedMain] o.e.j.s.h.ContextHandler.application     : Initializing Spring embedded WebApplicationContext
2019-02-10 00:29:53.154 DEBUG 15345 --- [  restartedMain] o.s.web.context.ContextLoader            : Published root WebApplicationContext as ServletContext attribute with name [org.springframework.web.context.WebApplicationContext.ROOT]
2019-02-10 00:29:53.154  INFO 15345 --- [  restartedMain] o.s.web.context.ContextLoader            : Root WebApplicationContext: initialization completed in 4167 ms
Loading class `com.mysql.jdbc.Driver'. This is deprecated. The new driver class is `com.mysql.cj.jdbc.Driver'. The driver is automatically registered via the SPI and manual loading of the driver class is generally unnecessary.
2019-02-10 00:29:53.686  INFO 15345 --- [  restartedMain] com.zaxxer.hikari.HikariDataSource       : HikariPool-1 - Starting...
2019-02-10 00:29:53.693  WARN 15345 --- [  restartedMain] com.zaxxer.hikari.util.DriverDataSource  : Registered driver with driverClassName=com.mysql.jdbc.Driver was not found, trying direct instantiation.
2019-02-10 00:29:53.972  INFO 15345 --- [  restartedMain] com.zaxxer.hikari.HikariDataSource       : HikariPool-1 - Start completed.
2019-02-10 00:29:54.062  INFO 15345 --- [  restartedMain] o.hibernate.jpa.internal.util.LogHelper  : HHH000204: Processing PersistenceUnitInfo [
	name: default
	...]
2019-02-10 00:29:54.190  INFO 15345 --- [  restartedMain] org.hibernate.Version                    : HHH000412: Hibernate Core {5.3.7.Final}
2019-02-10 00:29:54.192  INFO 15345 --- [  restartedMain] org.hibernate.cfg.Environment            : HHH000206: hibernate.properties not found
2019-02-10 00:29:54.424  INFO 15345 --- [  restartedMain] o.hibernate.annotations.common.Version   : HCANN000001: Hibernate Commons Annotations {5.0.4.Final}
2019-02-10 00:29:54.609  INFO 15345 --- [  restartedMain] org.hibernate.dialect.Dialect            : HHH000400: Using dialect: org.hibernate.dialect.MySQL5Dialect
2019-02-10 00:29:55.847  INFO 15345 --- [  restartedMain] o.h.t.schema.internal.SchemaCreatorImpl  : HHH000476: Executing import script 'org.hibernate.tool.schema.internal.exec.ScriptSourceInputNonExistentImpl@31029a89'
2019-02-10 00:29:55.853  INFO 15345 --- [  restartedMain] j.LocalContainerEntityManagerFactoryBean : Initialized JPA EntityManagerFactory for persistence unit 'default'
2019-02-10 00:29:56.242  INFO 15345 --- [  restartedMain] o.h.h.i.QueryTranslatorFactoryInitiator  : HHH000397: Using ASTQueryTranslatorFactory
2019-02-10 00:29:56.463 DEBUG 15345 --- [  restartedMain] o.s.b.w.s.ServletContextInitializerBeans : Mapping filters: filterRegistrationBean urls=[/*], springSecurityFilterChain urls=[/*], characterEncodingFilter urls=[/*], hiddenHttpMethodFilter urls=[/*], formContentFilter urls=[/*], requestContextFilter urls=[/*]
2019-02-10 00:29:56.464 DEBUG 15345 --- [  restartedMain] o.s.b.w.s.ServletContextInitializerBeans : Mapping servlets: dispatcherServlet urls=[/]
2019-02-10 00:29:56.595  INFO 15345 --- [  restartedMain] org.eclipse.jetty.server.session         : DefaultSessionIdManager workerName=node0
2019-02-10 00:29:56.596  INFO 15345 --- [  restartedMain] org.eclipse.jetty.server.session         : No SessionScavenger set, using defaults
2019-02-10 00:29:56.598  INFO 15345 --- [  restartedMain] org.eclipse.jetty.server.session         : node0 Scavenging every 600000ms
2019-02-10 00:29:56.626  INFO 15345 --- [  restartedMain] o.e.jetty.server.handler.ContextHandler  : Started o.s.b.w.e.j.JettyEmbeddedWebAppContext@1c2307f0{application,/,[file:///tmp/jetty-docbase.13920364963068760097.8080/],AVAILABLE}
2019-02-10 00:29:56.627  INFO 15345 --- [  restartedMain] org.eclipse.jetty.server.Server          : Started @9985ms
2019-02-10 00:29:56.657  INFO 15345 --- [  restartedMain] o.s.b.d.a.OptionalLiveReloadServer       : LiveReload server is running on port 35729
2019-02-10 00:29:56.884  INFO 15345 --- [  restartedMain] .s.s.UserDetailsServiceAutoConfiguration : 

Using generated security password: 317e5c04-0ad3-4cfc-a7d4-7bbf0164cc6e

2019-02-10 00:29:57.254  INFO 15345 --- [  restartedMain] o.s.s.web.DefaultSecurityFilterChain     : Creating filter chain: Ant [pattern='/**'], [org.springframework.security.web.context.request.async.WebAsyncManagerIntegrationFilter@6705688c, org.springframework.security.web.context.SecurityContextPersistenceFilter@400ca9b7, org.springframework.security.web.header.HeaderWriterFilter@6cef72b6, org.springframework.security.web.csrf.CsrfFilter@4d1bf34d, org.springframework.security.web.authentication.logout.LogoutFilter@ad98e9b, org.springframework.security.web.authentication.UsernamePasswordAuthenticationFilter@33b04b87, org.springframework.web.filter.CompositeFilter@60de5c06, org.springframework.security.web.savedrequest.RequestCacheAwareFilter@181e98a9, org.springframework.security.web.servletapi.SecurityContextHolderAwareRequestFilter@6ca1e55a, org.springframework.security.web.authentication.AnonymousAuthenticationFilter@6866a313, org.springframework.security.web.session.SessionManagementFilter@34ee41f6, org.springframework.security.web.access.ExceptionTranslationFilter@46bc228e, org.springframework.security.web.access.intercept.FilterSecurityInterceptor@3fbe1e8c]
2019-02-10 00:29:57.270  INFO 15345 --- [  restartedMain] o.s.s.web.DefaultSecurityFilterChain     : Creating filter chain: any request, [org.springframework.security.web.context.request.async.WebAsyncManagerIntegrationFilter@4e7481c5, org.springframework.security.web.context.SecurityContextPersistenceFilter@4033ab96, org.springframework.security.web.header.HeaderWriterFilter@7ae8f4c4, org.springframework.security.web.csrf.CsrfFilter@c116b1, org.springframework.security.web.authentication.logout.LogoutFilter@7d3ec0f, org.springframework.security.web.authentication.UsernamePasswordAuthenticationFilter@4466c3ac, org.springframework.security.web.authentication.ui.DefaultLoginPageGeneratingFilter@650f72e3, org.springframework.security.web.authentication.ui.DefaultLogoutPageGeneratingFilter@3c7d5004, org.springframework.security.web.authentication.www.BasicAuthenticationFilter@3f4346ec, org.springframework.security.web.savedrequest.RequestCacheAwareFilter@6ac4bda5, org.springframework.security.web.servletapi.SecurityContextHolderAwareRequestFilter@57b72aed, org.springframework.security.web.authentication.AnonymousAuthenticationFilter@467cbe2f, org.springframework.security.web.session.SessionManagementFilter@48cf58a0, org.springframework.security.web.access.ExceptionTranslationFilter@394273f6, org.springframework.security.web.access.intercept.FilterSecurityInterceptor@54b4be47]
2019-02-10 00:29:57.429 DEBUG 15345 --- [  restartedMain] o.s.w.s.handler.SimpleUrlHandlerMapping  : Patterns [/**/favicon.ico] in 'faviconHandlerMapping'
2019-02-10 00:29:57.673  INFO 15345 --- [  restartedMain] o.s.s.concurrent.ThreadPoolTaskExecutor  : Initializing ExecutorService 'applicationTaskExecutor'
2019-02-10 00:29:57.693 DEBUG 15345 --- [  restartedMain] s.w.s.m.m.a.RequestMappingHandlerAdapter : ControllerAdvice beans: 0 @ModelAttribute, 0 @InitBinder, 1 RequestBodyAdvice, 1 ResponseBodyAdvice
2019-02-10 00:29:57.770  WARN 15345 --- [  restartedMain] aWebConfiguration$JpaWebMvcConfiguration : spring.jpa.open-in-view is enabled by default. Therefore, database queries may be performed during view rendering. Explicitly configure spring.jpa.open-in-view to disable this warning
2019-02-10 00:29:57.841 DEBUG 15345 --- [  restartedMain] s.w.s.m.m.a.RequestMappingHandlerMapping : 7 mappings in 'requestMappingHandlerMapping'
2019-02-10 00:29:57.869 DEBUG 15345 --- [  restartedMain] o.s.w.s.handler.SimpleUrlHandlerMapping  : Patterns [/webjars/**, /**] in 'resourceHandlerMapping'
2019-02-10 00:29:57.897 DEBUG 15345 --- [  restartedMain] .m.m.a.ExceptionHandlerExceptionResolver : ControllerAdvice beans: 0 @ExceptionHandler, 1 ResponseBodyAdvice
[INFO] ------------------------------------------------------------------------
[INFO] BUILD SUCCESS
[INFO] ------------------------------------------------------------------------
[INFO] Total time:  18.780 s
[INFO] Finished at: 2019-02-10T00:29:58+03:00
[INFO] ------------------------------------------------------------------------
